[debug] [2022-10-12T16:59:28.879Z] ----------------------------------------------------------------------
[debug] [2022-10-12T16:59:28.880Z] Command:       /snap/node/6800/bin/node /home/adityatripathi/.npm-global/bin/firebase init
[debug] [2022-10-12T16:59:28.881Z] CLI Version:   11.14.2
[debug] [2022-10-12T16:59:28.881Z] Platform:      linux
[debug] [2022-10-12T16:59:28.881Z] Node Version:  v16.18.0
[debug] [2022-10-12T16:59:28.882Z] Time:          Wed Oct 12 2022 22:29:28 GMT+0530 (India Standard Time)
[debug] [2022-10-12T16:59:28.882Z] ----------------------------------------------------------------------
[debug] 
[debug] [2022-10-12T16:59:28.887Z] > command requires scopes: ["email","openid","https://www.googleapis.com/auth/cloudplatformprojects.readonly","https://www.googleapis.com/auth/firebase","https://www.googleapis.com/auth/cloud-platform"]
[debug] [2022-10-12T16:59:28.888Z] > authorizing via signed-in user (adityatripathi.at04@gmail.com)
[info] 
     ######## #### ########  ######## ########     ###     ######  ########
     ##        ##  ##     ## ##       ##     ##  ##   ##  ##       ##
     ######    ##  ########  ######   ########  #########  ######  ######
     ##        ##  ##    ##  ##       ##     ## ##     ##       ## ##
     ##       #### ##     ## ######## ########  ##     ##  ######  ########

You're about to initialize a Firebase project in this directory:

  /home/adityatripathi/Documents/MRIS_Event

[info] 
=== Project Setup
[info] 
[info] First, let's associate this project directory with a Firebase project.
[info] You can create multiple project aliases by running firebase use --add, 
[info] but for now we'll just set up a default project.
[info] 
[debug] [2022-10-12T16:59:34.862Z] >>> [apiv2][query] GET https://firebase.googleapis.com/v1beta1/projects pageSize=100
[debug] [2022-10-12T16:59:35.648Z] <<< [apiv2][status] GET https://firebase.googleapis.com/v1beta1/projects 200
[debug] [2022-10-12T16:59:35.648Z] <<< [apiv2][body] GET https://firebase.googleapis.com/v1beta1/projects [omitted]
[info] i  Using project mriscwevent (MRISCWEvent) 
[info] 
=== Hosting Setup
[info] 
[info] Your public directory is the folder (relative to your project directory) that
[info] will contain Hosting assets to be uploaded with firebase deploy. If you
[info] have a build process for your assets, use your build's output directory.
[info] 
